

*******************************************************************************
Wed May 21 16:10:06 2014


FIT:    data read from 'd0'
        format = z
	y range restricted to [633.877 : 636.577]
BREAK:          No data to fit 



*******************************************************************************
Wed May 21 16:10:18 2014


FIT:    data read from 'd0' u 0:3
        format = x:z
	y range restricted to [633.877 : 636.577]
        #datapoints = 3
        residuals are weighted equally (unit weight)

function used for fitting: f(x)
fitted parameters initialized with current variable values



 Iteration 0
 WSSR        : 1.20503e+06       delta(WSSR)/WSSR   : 0
 delta(WSSR) : 0                 limit for stopping : 1e-05
 lambda	  : 449.014

initial set of free parameter values

a               = 1
b               = 1

After 9 iterations the fit converged.
final sum of squares of residuals : 2.81667e-05
rel. change during last iteration : -2.39942e-10

degrees of freedom    (FIT_NDF)                        : 1
rms of residuals      (FIT_STDFIT) = sqrt(WSSR/ndf)    : 0.00530723
variance of residuals (reduced chisquare) = WSSR/ndf   : 2.81667e-05

Final set of parameters            Asymptotic Standard Error
=======================            ==========================

a               = -1.90683         +/- 2.383        (125%)
b               = 0.0065           +/- 0.003753     (57.74%)


correlation matrix of the fit parameters:

               a      b      
a               1.000 
b              -1.000  1.000 
